mode: set
github.com/heathcliff26/simple-fileserver/pkg/version/version.go:12.23,15.42 3 1
github.com/heathcliff26/simple-fileserver/pkg/version/version.go:15.42,16.33 1 0
github.com/heathcliff26/simple-fileserver/pkg/version/version.go:16.33,18.9 2 0
github.com/heathcliff26/simple-fileserver/pkg/version/version.go:21.2,21.21 1 1
github.com/heathcliff26/simple-fileserver/pkg/version/version.go:21.21,23.3 1 0
github.com/heathcliff26/simple-fileserver/pkg/version/version.go:23.8,23.25 1 1
github.com/heathcliff26/simple-fileserver/pkg/version/version.go:23.25,25.3 1 1
github.com/heathcliff26/simple-fileserver/pkg/version/version.go:27.2,32.15 5 1
github.com/heathcliff26/simple-fileserver/pkg/fileserver/filesystem.go:13.69,15.16 2 1
github.com/heathcliff26/simple-fileserver/pkg/fileserver/filesystem.go:15.16,17.3 1 0
github.com/heathcliff26/simple-fileserver/pkg/fileserver/filesystem.go:19.2,20.16 2 1
github.com/heathcliff26/simple-fileserver/pkg/fileserver/filesystem.go:20.16,22.3 1 0
github.com/heathcliff26/simple-fileserver/pkg/fileserver/filesystem.go:24.2,24.15 1 1
github.com/heathcliff26/simple-fileserver/pkg/fileserver/filesystem.go:24.15,27.17 3 1
github.com/heathcliff26/simple-fileserver/pkg/fileserver/filesystem.go:27.17,29.23 2 1
github.com/heathcliff26/simple-fileserver/pkg/fileserver/filesystem.go:29.23,31.5 1 0
github.com/heathcliff26/simple-fileserver/pkg/fileserver/filesystem.go:32.4,32.19 1 1
github.com/heathcliff26/simple-fileserver/pkg/fileserver/filesystem.go:36.2,36.15 1 1
github.com/heathcliff26/simple-fileserver/pkg/fileserver/filesystem.go:44.67,46.16 2 1
github.com/heathcliff26/simple-fileserver/pkg/fileserver/filesystem.go:46.16,48.3 1 1
github.com/heathcliff26/simple-fileserver/pkg/fileserver/filesystem.go:50.2,50.15 1 1
github.com/heathcliff26/simple-fileserver/pkg/fileserver/filesystem.go:54.64,56.11 2 1
github.com/heathcliff26/simple-fileserver/pkg/fileserver/filesystem.go:56.11,58.3 1 1
github.com/heathcliff26/simple-fileserver/pkg/fileserver/filesystem.go:58.8,60.3 1 1
github.com/heathcliff26/simple-fileserver/pkg/fileserver/server.go:20.60,26.2 3 1
github.com/heathcliff26/simple-fileserver/pkg/fileserver/server.go:33.61,36.2 2 1
github.com/heathcliff26/simple-fileserver/pkg/fileserver/server.go:38.81,41.11 3 1
github.com/heathcliff26/simple-fileserver/pkg/fileserver/server.go:41.11,42.22 1 1
github.com/heathcliff26/simple-fileserver/pkg/fileserver/server.go:42.22,44.4 1 0
github.com/heathcliff26/simple-fileserver/pkg/fileserver/server.go:45.3,45.119 1 1
github.com/heathcliff26/simple-fileserver/pkg/fileserver/server.go:49.42,51.2 1 0
github.com/heathcliff26/simple-fileserver/pkg/fileserver/server.go:53.47,59.2 1 0
github.com/heathcliff26/simple-fileserver/pkg/fileserver/server.go:61.56,63.19 2 0
github.com/heathcliff26/simple-fileserver/pkg/fileserver/server.go:63.19,66.3 1 0
github.com/heathcliff26/simple-fileserver/pkg/fileserver/server.go:66.8,68.3 1 0
github.com/heathcliff26/simple-fileserver/pkg/fileserver/server.go:71.2,71.42 1 0
github.com/heathcliff26/simple-fileserver/pkg/fileserver/server.go:71.42,73.3 1 0
github.com/heathcliff26/simple-fileserver/pkg/fileserver/server.go:74.2,74.12 1 0
github.com/heathcliff26/simple-fileserver/pkg/fileserver/utils.go:7.43,9.21 2 1
github.com/heathcliff26/simple-fileserver/pkg/fileserver/utils.go:9.21,11.3 1 1
github.com/heathcliff26/simple-fileserver/pkg/fileserver/utils.go:12.2,12.21 1 1
github.com/heathcliff26/simple-fileserver/pkg/fileserver/utils.go:12.21,14.3 1 1
github.com/heathcliff26/simple-fileserver/pkg/fileserver/utils.go:15.2,15.18 1 1
github.com/heathcliff26/simple-fileserver/cmd/cmd.go:16.13,24.2 7 1
github.com/heathcliff26/simple-fileserver/cmd/cmd.go:26.41,27.39 1 1
github.com/heathcliff26/simple-fileserver/cmd/cmd.go:27.39,29.3 1 1
github.com/heathcliff26/simple-fileserver/cmd/cmd.go:32.45,33.39 1 1
github.com/heathcliff26/simple-fileserver/cmd/cmd.go:33.39,35.3 1 1
github.com/heathcliff26/simple-fileserver/cmd/cmd.go:39.17,40.19 1 1
github.com/heathcliff26/simple-fileserver/cmd/cmd.go:40.19,42.3 1 1
github.com/heathcliff26/simple-fileserver/cmd/cmd.go:44.2,44.25 1 1
github.com/heathcliff26/simple-fileserver/cmd/cmd.go:44.25,45.54 1 1
github.com/heathcliff26/simple-fileserver/cmd/cmd.go:45.54,48.18 3 1
github.com/heathcliff26/simple-fileserver/cmd/cmd.go:48.18,50.5 1 1
github.com/heathcliff26/simple-fileserver/cmd/cmd.go:54.2,54.19 1 1
github.com/heathcliff26/simple-fileserver/cmd/cmd.go:54.19,56.3 1 1
github.com/heathcliff26/simple-fileserver/cmd/cmd.go:58.2,58.18 1 1
github.com/heathcliff26/simple-fileserver/cmd/cmd.go:58.18,60.3 1 1
github.com/heathcliff26/simple-fileserver/cmd/cmd.go:62.2,62.19 1 1
github.com/heathcliff26/simple-fileserver/cmd/cmd.go:62.19,64.3 1 1
github.com/heathcliff26/simple-fileserver/cmd/cmd.go:66.2,66.20 1 1
github.com/heathcliff26/simple-fileserver/cmd/cmd.go:66.20,68.3 1 1
github.com/heathcliff26/simple-fileserver/cmd/cmd.go:72.19,74.17 2 1
github.com/heathcliff26/simple-fileserver/cmd/cmd.go:74.17,77.3 2 1
github.com/heathcliff26/simple-fileserver/cmd/cmd.go:78.2,80.19 2 1
github.com/heathcliff26/simple-fileserver/cmd/cmd.go:80.19,82.3 1 1
github.com/heathcliff26/simple-fileserver/cmd/cmd.go:83.2,83.72 1 1
github.com/heathcliff26/simple-fileserver/cmd/cmd.go:83.72,85.3 1 1
github.com/heathcliff26/simple-fileserver/cmd/cmd.go:86.2,86.160 1 1
github.com/heathcliff26/simple-fileserver/cmd/main.go:20.13,28.35 5 0
github.com/heathcliff26/simple-fileserver/cmd/main.go:28.35,31.3 2 0
github.com/heathcliff26/simple-fileserver/cmd/main.go:33.2,37.16 4 0
github.com/heathcliff26/simple-fileserver/cmd/main.go:37.16,39.3 1 0
